<?xml version="1.0" encoding="UTF-8"?>
<!-- Generated by org.testng.reporters.JUnitXMLReporter -->
<testsuite hostname="1-pk" name="Default test" tests="6" failures="0" timestamp="24 May 2016 21:30:31 GMT" time="49.552" errors="0">
  <testcase name="testCreationFilmSuccess" time="5.172" classname="ru.stqa.selenium.CreationFilmSuccess"/>
  <testcase name="testCreationFilmWithNotValidNumber" time="3.489" classname="ru.stqa.selenium.CreationFilmWithNotValidNumber"/>
  <testcase name="testDeleteFirstFilm" time="4.054" classname="ru.stqa.selenium.DeleteFirstFilm"/>
  <testcase name="testHomePageHasAHeader" time="1.557" classname="ru.stqa.selenium.SampleTestNgTest"/>
  <testcase name="testLogin" time="3.047" classname="ru.stqa.selenium.LoginTest"/>
  <testcase name="testCreationFilmWithoutYear" time="3.745" classname="ru.stqa.selenium.CreationFilmWithoutYear"/>
</testsuite> <!-- Default test -->
