<?xml version="1.0" encoding="UTF-8"?>
<testng-results skipped="0" failed="0" total="1" passed="1">
  <reporter-output>
  </reporter-output>
  <suite name="Default suite" duration-ms="9511" started-at="2016-05-25T21:17:41Z" finished-at="2016-05-25T21:17:50Z">
    <groups>
    </groups>
    <test name="Default test" duration-ms="9511" started-at="2016-05-25T21:17:41Z" finished-at="2016-05-25T21:17:50Z">
      <class name="ru.stqa.selenium.SearchFilmNotFound">
        <test-method status="PASS" signature="initTestSuite()[pri:0, instance:ru.stqa.selenium.SearchFilmNotFound@91161c7]" name="initTestSuite" is-config="true" duration-ms="114" started-at="2016-05-26T00:17:41Z" finished-at="2016-05-26T00:17:41Z">
          <reporter-output>
          </reporter-output>
        </test-method> <!-- initTestSuite -->
        <test-method status="PASS" signature="initWebDriver()[pri:0, instance:ru.stqa.selenium.SearchFilmNotFound@91161c7]" name="initWebDriver" is-config="true" duration-ms="5472" started-at="2016-05-26T00:17:41Z" finished-at="2016-05-26T00:17:46Z">
          <reporter-output>
          </reporter-output>
        </test-method> <!-- initWebDriver -->
        <test-method status="PASS" signature="testSearchFilmNotFound()[pri:0, instance:ru.stqa.selenium.SearchFilmNotFound@91161c7]" name="testSearchFilmNotFound" duration-ms="4026" started-at="2016-05-26T00:17:46Z" finished-at="2016-05-26T00:17:50Z">
          <reporter-output>
          </reporter-output>
        </test-method> <!-- testSearchFilmNotFound -->
        <test-method status="PASS" signature="tearDown()[pri:0, instance:ru.stqa.selenium.SearchFilmNotFound@91161c7]" name="tearDown" is-config="true" duration-ms="1" started-at="2016-05-26T00:17:50Z" finished-at="2016-05-26T00:17:50Z">
          <reporter-output>
          </reporter-output>
        </test-method> <!-- tearDown -->
      </class> <!-- ru.stqa.selenium.SearchFilmNotFound -->
    </test> <!-- Default test -->
  </suite> <!-- Default suite -->
</testng-results>
